2026-03-19T08:25:55.595+05:30  INFO 12820 --- [fwitch] [restartedMain] com.fwitch.backend.FwitchApplication     : Starting FwitchApplication using Java 17.0.12 with PID 12820 (C:\Users\patil\Desktop\Project_Manish\fwitch\fwitch\bin\main started by patil in C:\Users\patil\Desktop\Project_Manish\fwitch\fwitch)
2026-03-19T08:25:55.791+05:30  INFO 12820 --- [fwitch] [restartedMain] com.fwitch.backend.FwitchApplication     : No active profile set, falling back to 1 default profile: "default"
2026-03-19T08:25:57.436+05:30  INFO 12820 --- [fwitch] [restartedMain] .e.DevToolsPropertyDefaultsPostProcessor : Devtools property defaults active! Set 'spring.devtools.add-properties' to 'false' to disable
2026-03-19T08:25:57.440+05:30  INFO 12820 --- [fwitch] [restartedMain] .e.DevToolsPropertyDefaultsPostProcessor : For additional web related logging consider setting the 'logging.level.web' property to 'DEBUG'
2026-03-19T08:25:57.787+05:30  INFO 12820 --- [fwitch] [restartedMain] .s.b.d.c.l.DockerComposeLifecycleManager : Using Docker Compose file C:\Users\patil\Desktop\Project_Manish\fwitch\fwitch\docker-compose.yml
2026-03-19T08:26:07.816+05:30 ERROR 12820 --- [fwitch] [restartedMain] o.s.boot.SpringApplication               : Application run failed

org.springframework.boot.docker.compose.core.ProcessExitException: 'docker version --format {{.Client.Version}}' failed with exit code 1.

Stdout:
27.3.1


Stderr:
error during connect: Get "http://%2F%2F.%2Fpipe%2FdockerDesktopLinuxEngine/v1.47/version": open //./pipe/dockerDesktopLinuxEngine: The system cannot find the file specified.

	at org.springframework.boot.docker.compose.core.ProcessRunner.run(ProcessRunner.java:98) ~[spring-boot-docker-compose-4.0.3.jar:4.0.3]
	at org.springframework.boot.docker.compose.core.ProcessRunner.run(ProcessRunner.java:76) ~[spring-boot-docker-compose-4.0.3.jar:4.0.3]
	at org.springframework.boot.docker.compose.core.DockerCli$DockerCommands.getDockerCommand(DockerCli.java:147) ~[spring-boot-docker-compose-4.0.3.jar:4.0.3]
	at org.springframework.boot.docker.compose.core.DockerCli$DockerCommands.<init>(DockerCli.java:141) ~[spring-boot-docker-compose-4.0.3.jar:4.0.3]
	at org.springframework.boot.docker.compose.core.DockerCli.lambda$new$0(DockerCli.java:67) ~[spring-boot-docker-compose-4.0.3.jar:4.0.3]
	at java.base/java.util.HashMap.computeIfAbsent(HashMap.java:1220) ~[na:na]
	at org.springframework.boot.docker.compose.core.DockerCli.<init>(DockerCli.java:66) ~[spring-boot-docker-compose-4.0.3.jar:4.0.3]
	at org.springframework.boot.docker.compose.core.DockerCompose.get(DockerCompose.java:147) ~[spring-boot-docker-compose-4.0.3.jar:4.0.3]
	at org.springframework.boot.docker.compose.lifecycle.DockerComposeLifecycleManager.getDockerCompose(DockerComposeLifecycleManager.java:166) ~[spring-boot-docker-compose-4.0.3.jar:4.0.3]
	at org.springframework.boot.docker.compose.lifecycle.DockerComposeLifecycleManager.start(DockerComposeLifecycleManager.java:114) ~[spring-boot-docker-compose-4.0.3.jar:4.0.3]
	at org.springframework.boot.docker.compose.lifecycle.DockerComposeListener.onApplicationEvent(DockerComposeListener.java:53) ~[spring-boot-docker-compose-4.0.3.jar:4.0.3]
	at org.springframework.boot.docker.compose.lifecycle.DockerComposeListener.onApplicationEvent(DockerComposeListener.java:35) ~[spring-boot-docker-compose-4.0.3.jar:4.0.3]
	at org.springframework.context.event.SimpleApplicationEventMulticaster.doInvokeListener(SimpleApplicationEventMulticaster.java:180) ~[spring-context-7.0.5.jar:7.0.5]
	at org.springframework.context.event.SimpleApplicationEventMulticaster.invokeListener(SimpleApplicationEventMulticaster.java:173) ~[spring-context-7.0.5.jar:7.0.5]
	at org.springframework.context.event.SimpleApplicationEventMulticaster.multicastEvent(SimpleApplicationEventMulticaster.java:151) ~[spring-context-7.0.5.jar:7.0.5]
	at org.springframework.context.event.SimpleApplicationEventMulticaster.multicastEvent(SimpleApplicationEventMulticaster.java:133) ~[spring-context-7.0.5.jar:7.0.5]
	at org.springframework.boot.context.event.EventPublishingRunListener.multicastInitialEvent(EventPublishingRunListener.java:137) ~[spring-boot-4.0.3.jar:4.0.3]
	at org.springframework.boot.context.event.EventPublishingRunListener.contextLoaded(EventPublishingRunListener.java:99) ~[spring-boot-4.0.3.jar:4.0.3]
	at org.springframework.boot.SpringApplicationRunListeners.lambda$contextLoaded$0(SpringApplicationRunListeners.java:74) ~[spring-boot-4.0.3.jar:4.0.3]
	at java.base/java.lang.Iterable.forEach(Iterable.java:75) ~[na:na]
	at org.springframework.boot.SpringApplicationRunListeners.doWithListeners(SpringApplicationRunListeners.java:123) ~[spring-boot-4.0.3.jar:4.0.3]
	at org.springframework.boot.SpringApplicationRunListeners.doWithListeners(SpringApplicationRunListeners.java:117) ~[spring-boot-4.0.3.jar:4.0.3]
	at org.springframework.boot.SpringApplicationRunListeners.contextLoaded(SpringApplicationRunListeners.java:74) ~[spring-boot-4.0.3.jar:4.0.3]
	at org.springframework.boot.SpringApplication.prepareContext(SpringApplication.java:418) ~[spring-boot-4.0.3.jar:4.0.3]
	at org.springframework.boot.SpringApplication.run(SpringApplication.java:320) ~[spring-boot-4.0.3.jar:4.0.3]
	at org.springframework.boot.SpringApplication.run(SpringApplication.java:1365) ~[spring-boot-4.0.3.jar:4.0.3]
	at org.springframework.boot.SpringApplication.run(SpringApplication.java:1354) ~[spring-boot-4.0.3.jar:4.0.3]
	at com.fwitch.backend.FwitchApplication.main(FwitchApplication.java:10) ~[main/:na]
	at java.base/jdk.internal.reflect.NativeMethodAccessorImpl.invoke0(Native Method) ~[na:na]
	at java.base/jdk.internal.reflect.NativeMethodAccessorImpl.invoke(NativeMethodAccessorImpl.java:77) ~[na:na]
	at java.base/jdk.internal.reflect.DelegatingMethodAccessorImpl.invoke(DelegatingMethodAccessorImpl.java:43) ~[na:na]
	at java.base/java.lang.reflect.Method.invoke(Method.java:568) ~[na:na]
	at org.springframework.boot.devtools.restart.RestartLauncher.run(RestartLauncher.java:52) ~[spring-boot-devtools-4.0.3.jar:4.0.3]

2026-03-19T08:34:24.829+05:30  INFO 17996 --- [fwitch] [restartedMain] com.fwitch.backend.FwitchApplication     : Starting FwitchApplication using Java 17.0.12 with PID 17996 (C:\Users\patil\Desktop\Project_Manish\fwitch\fwitch\bin\main started by patil in C:\Users\patil\Desktop\Project_Manish\fwitch\fwitch)
2026-03-19T08:34:24.862+05:30  INFO 17996 --- [fwitch] [restartedMain] com.fwitch.backend.FwitchApplication     : No active profile set, falling back to 1 default profile: "default"
2026-03-19T08:34:25.353+05:30  INFO 17996 --- [fwitch] [restartedMain] .e.DevToolsPropertyDefaultsPostProcessor : Devtools property defaults active! Set 'spring.devtools.add-properties' to 'false' to disable
2026-03-19T08:34:25.355+05:30  INFO 17996 --- [fwitch] [restartedMain] .e.DevToolsPropertyDefaultsPostProcessor : For additional web related logging consider setting the 'logging.level.web' property to 'DEBUG'
2026-03-19T08:34:25.589+05:30  INFO 17996 --- [fwitch] [restartedMain] .s.b.d.c.l.DockerComposeLifecycleManager : Using Docker Compose file C:\Users\patil\Desktop\Project_Manish\fwitch\fwitch\docker-compose.yml
2026-03-19T08:35:13.419+05:30  INFO 17996 --- [fwitch] [restartedMain] .s.b.d.c.l.DockerComposeLifecycleManager : There are already Docker Compose services running, skipping startup
2026-03-19T08:35:38.392+05:30  INFO 17996 --- [fwitch] [restartedMain] .s.d.r.c.RepositoryConfigurationDelegate : Multiple Spring Data modules found, entering strict repository configuration mode
2026-03-19T08:35:38.438+05:30  INFO 17996 --- [fwitch] [restartedMain] .s.d.r.c.RepositoryConfigurationDelegate : Bootstrapping Spring Data Redis repositories in DEFAULT mode.
2026-03-19T08:35:39.209+05:30  INFO 17996 --- [fwitch] [restartedMain] .s.d.r.c.RepositoryConfigurationDelegate : Finished Spring Data repository scanning in 196 ms. Found 0 Redis repository interfaces.
2026-03-19T08:35:59.025+05:30  INFO 17996 --- [fwitch] [restartedMain] o.s.boot.tomcat.TomcatWebServer          : Tomcat initialized with port 8080 (http)
2026-03-19T08:35:59.127+05:30  INFO 17996 --- [fwitch] [restartedMain] o.apache.catalina.core.StandardService   : Starting service [Tomcat]
2026-03-19T08:35:59.130+05:30  INFO 17996 --- [fwitch] [restartedMain] o.apache.catalina.core.StandardEngine    : Starting Servlet engine: [Apache Tomcat/11.0.18]
2026-03-19T08:35:59.985+05:30  INFO 17996 --- [fwitch] [restartedMain] b.w.c.s.WebApplicationContextInitializer : Root WebApplicationContext: initialization completed in 46350 ms
2026-03-19T08:36:07.041+05:30  INFO 17996 --- [fwitch] [restartedMain] o.s.b.w.a.WelcomePageHandlerMapping      : Adding welcome page: class path resource [static/index.html]
2026-03-19T08:36:27.415+05:30  INFO 17996 --- [fwitch] [restartedMain] o.s.b.a.e.web.EndpointLinksResolver      : Exposing 3 endpoints beneath base path '/actuator'
2026-03-19T08:36:29.196+05:30  INFO 17996 --- [fwitch] [restartedMain] o.s.boot.tomcat.TomcatWebServer          : Tomcat started on port 8080 (http) with context path '/'
2026-03-19T08:36:29.479+05:30  INFO 17996 --- [fwitch] [restartedMain] com.fwitch.backend.FwitchApplication     : Started FwitchApplication in 140.252 seconds (process running for 240.485)
2026-03-19T08:36:29.583+05:30  WARN 17996 --- [fwitch] [restartedMain] o.s.core.events.SpringDocAppInitializer  : SpringDoc /v3/api-docs endpoint is enabled by default. To disable it in production, set the property 'springdoc.api-docs.enabled=false'
2026-03-19T08:36:29.591+05:30  WARN 17996 --- [fwitch] [restartedMain] o.s.core.events.SpringDocAppInitializer  : SpringDoc /swagger-ui.html endpoint is enabled by default. To disable it in production, set the property 'springdoc.swagger-ui.enabled=false'
2026-03-19T08:36:31.838+05:30  INFO 17996 --- [fwitch] [http-nio-8080-exec-1] o.a.c.c.C.[Tomcat].[localhost].[/]       : Initializing Spring DispatcherServlet 'dispatcherServlet'
2026-03-19T08:36:31.844+05:30  INFO 17996 --- [fwitch] [http-nio-8080-exec-1] o.s.web.servlet.DispatcherServlet        : Initializing Servlet 'dispatcherServlet'
2026-03-19T08:36:31.878+05:30  INFO 17996 --- [fwitch] [http-nio-8080-exec-1] o.s.web.servlet.DispatcherServlet        : Completed initialization in 27 ms
2026-03-19T08:36:32.376+05:30  WARN 17996 --- [fwitch] [http-nio-8080-exec-1] o.s.w.s.h.HandlerMappingIntrospector     : Cache miss for REQUEST dispatch to '/' (previous null). Performing CorsConfiguration lookup. This is logged once only at WARN level, and every time at TRACE.
2026-03-19T08:43:20.651+05:30  INFO 17996 --- [fwitch] [RMI TCP Connection(15)-127.0.0.1] inMXBeanRegistrar$SpringApplicationAdmin : Application shutdown requested.
2026-03-19T08:43:20.689+05:30  INFO 17996 --- [fwitch] [RMI TCP Connection(15)-127.0.0.1] o.s.boot.tomcat.GracefulShutdown         : Commencing graceful shutdown. Waiting for active requests to complete
2026-03-19T08:44:28.838+05:30  INFO 17996 --- [fwitch] [lettuce-eventExecutorLoop-1-2] i.l.core.protocol.ConnectionWatchdog     : Reconnecting, last destination was /127.0.0.1:6379
2026-03-19T08:44:29.592+05:30  WARN 17996 --- [fwitch] [lettuce-nioEventLoop-4-2] i.l.core.protocol.ConnectionWatchdog     : Cannot reconnect to [127.0.0.1/<unresolved>:6379]: Connection closed prematurely

io.lettuce.core.RedisConnectionException: Connection closed prematurely
	at io.lettuce.core.protocol.RedisHandshakeHandler.channelInactive(RedisHandshakeHandler.java:76) ~[lettuce-core-6.8.2.RELEASE.jar:6.8.2.RELEASE/34f8700]
	at io.netty.channel.AbstractChannelHandlerContext.fireChannelInactive(AbstractChannelHandlerContext.java:251) ~[netty-transport-4.2.10.Final.jar:4.2.10.Final]
	at io.netty.channel.ChannelInboundHandlerAdapter.channelInactive(ChannelInboundHandlerAdapter.java:81) ~[netty-transport-4.2.10.Final.jar:4.2.10.Final]
	at io.lettuce.core.ChannelGroupListener.channelInactive(ChannelGroupListener.java:54) ~[lettuce-core-6.8.2.RELEASE.jar:6.8.2.RELEASE/34f8700]
	at io.netty.channel.AbstractChannelHandlerContext.fireChannelInactive(AbstractChannelHandlerContext.java:251) ~[netty-transport-4.2.10.Final.jar:4.2.10.Final]
	at io.netty.channel.DefaultChannelPipeline$HeadContext.channelInactive(DefaultChannelPipeline.java:1424) ~[netty-transport-4.2.10.Final.jar:4.2.10.Final]
	at io.netty.channel.DefaultChannelPipeline.fireChannelInactive(DefaultChannelPipeline.java:876) ~[netty-transport-4.2.10.Final.jar:4.2.10.Final]
	at io.netty.channel.AbstractChannel$AbstractUnsafe$6.run(AbstractChannel.java:676) ~[netty-transport-4.2.10.Final.jar:4.2.10.Final]
	at io.netty.util.concurrent.AbstractEventExecutor.runTask(AbstractEventExecutor.java:148) ~[netty-common-4.2.10.Final.jar:4.2.10.Final]
	at io.netty.util.concurrent.AbstractEventExecutor.safeExecute(AbstractEventExecutor.java:141) ~[netty-common-4.2.10.Final.jar:4.2.10.Final]
	at io.netty.util.concurrent.SingleThreadEventExecutor.runAllTasks(SingleThreadEventExecutor.java:535) ~[netty-common-4.2.10.Final.jar:4.2.10.Final]
	at io.netty.channel.SingleThreadIoEventLoop.run(SingleThreadIoEventLoop.java:201) ~[netty-transport-4.2.10.Final.jar:4.2.10.Final]
	at io.netty.util.concurrent.SingleThreadEventExecutor$5.run(SingleThreadEventExecutor.java:1195) ~[netty-common-4.2.10.Final.jar:4.2.10.Final]
	at io.netty.util.internal.ThreadExecutorMap$2.run(ThreadExecutorMap.java:74) ~[netty-common-4.2.10.Final.jar:4.2.10.Final]
	at io.netty.util.concurrent.FastThreadLocalRunnable.run(FastThreadLocalRunnable.java:30) ~[netty-common-4.2.10.Final.jar:4.2.10.Final]
	at java.base/java.lang.Thread.run(Thread.java:842) ~[na:na]

2026-03-19T08:44:33.869+05:30  INFO 17996 --- [fwitch] [lettuce-eventExecutorLoop-1-3] i.l.core.protocol.ConnectionWatchdog     : Reconnecting, last destination was 127.0.0.1/<unresolved>:6379
2026-03-19T08:44:34.106+05:30  WARN 17996 --- [fwitch] [lettuce-nioEventLoop-4-3] i.l.core.protocol.ConnectionWatchdog     : Cannot reconnect to [127.0.0.1/<unresolved>:6379]: Connection closed prematurely

io.lettuce.core.RedisConnectionException: Connection closed prematurely
	at io.lettuce.core.protocol.RedisHandshakeHandler.channelInactive(RedisHandshakeHandler.java:76) ~[lettuce-core-6.8.2.RELEASE.jar:6.8.2.RELEASE/34f8700]
	at io.netty.channel.AbstractChannelHandlerContext.fireChannelInactive(AbstractChannelHandlerContext.java:251) ~[netty-transport-4.2.10.Final.jar:4.2.10.Final]
	at io.netty.channel.ChannelInboundHandlerAdapter.channelInactive(ChannelInboundHandlerAdapter.java:81) ~[netty-transport-4.2.10.Final.jar:4.2.10.Final]
	at io.lettuce.core.ChannelGroupListener.channelInactive(ChannelGroupListener.java:54) ~[lettuce-core-6.8.2.RELEASE.jar:6.8.2.RELEASE/34f8700]
	at io.netty.channel.AbstractChannelHandlerContext.fireChannelInactive(AbstractChannelHandlerContext.java:251) ~[netty-transport-4.2.10.Final.jar:4.2.10.Final]
	at io.netty.channel.DefaultChannelPipeline$HeadContext.channelInactive(DefaultChannelPipeline.java:1424) ~[netty-transport-4.2.10.Final.jar:4.2.10.Final]
	at io.netty.channel.DefaultChannelPipeline.fireChannelInactive(DefaultChannelPipeline.java:876) ~[netty-transport-4.2.10.Final.jar:4.2.10.Final]
	at io.netty.channel.AbstractChannel$AbstractUnsafe$6.run(AbstractChannel.java:676) ~[netty-transport-4.2.10.Final.jar:4.2.10.Final]
	at io.netty.util.concurrent.AbstractEventExecutor.runTask(AbstractEventExecutor.java:148) ~[netty-common-4.2.10.Final.jar:4.2.10.Final]
	at io.netty.util.concurrent.AbstractEventExecutor.safeExecute(AbstractEventExecutor.java:141) ~[netty-common-4.2.10.Final.jar:4.2.10.Final]
	at io.netty.util.concurrent.SingleThreadEventExecutor.runAllTasks(SingleThreadEventExecutor.java:535) ~[netty-common-4.2.10.Final.jar:4.2.10.Final]
	at io.netty.channel.SingleThreadIoEventLoop.run(SingleThreadIoEventLoop.java:201) ~[netty-transport-4.2.10.Final.jar:4.2.10.Final]
	at io.netty.util.concurrent.SingleThreadEventExecutor$5.run(SingleThreadEventExecutor.java:1195) ~[netty-common-4.2.10.Final.jar:4.2.10.Final]
	at io.netty.util.internal.ThreadExecutorMap$2.run(ThreadExecutorMap.java:74) ~[netty-common-4.2.10.Final.jar:4.2.10.Final]
	at io.netty.util.concurrent.FastThreadLocalRunnable.run(FastThreadLocalRunnable.java:30) ~[netty-common-4.2.10.Final.jar:4.2.10.Final]
	at java.base/java.lang.Thread.run(Thread.java:842) ~[na:na]

2026-03-19T08:44:43.898+05:30  INFO 17996 --- [fwitch] [tomcat-shutdown] o.s.boot.tomcat.GracefulShutdown         : Graceful shutdown complete
